<?xml version="1.0" encoding="UTF-8"?>
<testng-results ignored="0" total="1" passed="1" failed="0" skipped="0">
  <reporter-output>
  </reporter-output>
  <suite started-at="2021-08-24T22:14:26 EDT" name="Test Suite" finished-at="2021-08-24T22:14:52 EDT" duration-ms="25927">
    <groups>
      <group name="cucumber">
        <method signature="AbstractTestNGCucumberTests.runScenario(io.cucumber.testng.PickleWrapper, io.cucumber.testng.FeatureWrapper)[pri:0, instance:com.wwBusinessHours.TestRunner@5939a379]" name="runScenario" class="io.cucumber.testng.AbstractTestNGCucumberTests"/>
      </group> <!-- cucumber -->
    </groups>
    <test started-at="2021-08-24T22:14:26 EDT" name="Regression Tests" finished-at="2021-08-24T22:14:52 EDT" duration-ms="25927">
      <class name="com.wwBusinessHours.TestRunner">
        <test-method is-config="true" signature="setUpClass()[pri:0, instance:com.wwBusinessHours.TestRunner@5939a379]" started-at="2021-08-24T22:14:26 EDT" name="setUpClass" finished-at="2021-08-24T22:14:28 EDT" duration-ms="1898" status="PASS">
          <reporter-output>
          </reporter-output>
        </test-method> <!-- setUpClass -->
        <test-method signature="runScenario(io.cucumber.testng.PickleWrapper, io.cucumber.testng.FeatureWrapper)[pri:0, instance:com.wwBusinessHours.TestRunner@5939a379]" started-at="2021-08-24T22:14:28 EDT" name="runScenario" description="Runs Cucumber Scenarios" data-provider="scenarios" finished-at="2021-08-24T22:14:49 EDT" duration-ms="20804" status="PASS">
          <params>
            <param index="0">
              <value>
                <![CDATA["Verify that user can successfully locate business hours for WW Studios and Meetings near them"]]>
              </value>
            </param>
            <param index="1">
              <value>
                <![CDATA["Optional[FindBusinessHours]"]]>
              </value>
            </param>
          </params>
          <reporter-output>
          </reporter-output>
        </test-method> <!-- runScenario -->
        <test-method is-config="true" signature="tearDownClass()[pri:0, instance:com.wwBusinessHours.TestRunner@5939a379]" started-at="2021-08-24T22:14:49 EDT" name="tearDownClass" finished-at="2021-08-24T22:14:52 EDT" duration-ms="3139" status="PASS">
          <reporter-output>
          </reporter-output>
        </test-method> <!-- tearDownClass -->
      </class> <!-- com.wwBusinessHours.TestRunner -->
    </test> <!-- Regression Tests -->
  </suite> <!-- Test Suite -->
</testng-results>
